<?xml version="1.0" encoding="UTF-8"?>
<testsuite xmlns:xsi="http://www.w3.org/2001/XMLSchema-instance" xsi:noNamespaceSchemaLocation="https://maven.apache.org/surefire/maven-surefire-plugin/xsd/surefire-test-report.xsd" name="monte_carlo.src.test.java.com.monte_carlo.Monte_CarloTest" time="1.412" tests="6" errors="0" skipped="0" failures="0">
  <properties>
[...]
</properties>
  <testcase name="testCalculatePriceProbabilities" classname="monte_carlo.src.test.java.com.monte_carlo.Monte_CarloTest" time="0.004"/>
  <testcase name="testSimulateSharePrice1" classname="monte_carlo.src.test.java.com.monte_carlo.Monte_CarloTest" time="0"/>
  <testcase name="testSimulateSharePrice2" classname="monte_carlo.src.test.java.com.monte_carlo.Monte_CarloTest" time="0.01"/>
  <testcase name="testCalculatePriceProbabilitiesExecutionTime" classname="monte_carlo.src.test.java.com.monte_carlo.Monte_CarloTest" time="1.376"/>
  <testcase name="testProbabilityDistributionSumsToOne" classname="monte_carlo.src.test.java.com.monte_carlo.Monte_CarloTest" time="0.002"/>
  <testcase name="testSimulateSharePricePriceRange" classname="monte_carlo.src.test.java.com.monte_carlo.Monte_CarloTest" time="0.002"/>
</testsuite>